<?xml version="1.0" encoding="UTF-8"?>
<testng-results skipped="0" failed="1" total="2" passed="1">
  <reporter-output>
  </reporter-output>
  <suite name="Synerzip-TestAutomation-SanitySuite" duration-ms="17604" started-at="2015-09-08T13:31:26Z" finished-at="2015-09-08T13:31:44Z">
    <groups>
    </groups>
    <test name="Test Suite 1" duration-ms="17560" started-at="2015-09-08T13:31:26Z" finished-at="2015-09-08T13:31:44Z">
      <class name="sanitySuite.TestCase_1_GoogleSearch">
        <test-method status="PASS" signature="beforeClass()[pri:0, instance:sanitySuite.TestCase_1_GoogleSearch@6a5fc7f7]" name="beforeClass" is-config="true" duration-ms="15710" started-at="2015-09-08T19:01:26Z" finished-at="2015-09-08T19:01:42Z">
          <reporter-output>
          </reporter-output>
        </test-method> <!-- beforeClass -->
        <test-method status="FAIL" signature="open_url()[pri:0, instance:sanitySuite.TestCase_1_GoogleSearch@6a5fc7f7]" name="open_url" duration-ms="1574" started-at="2015-09-08T19:01:42Z" description="Open Google Search URL" finished-at="2015-09-08T19:01:44Z">
          <exception class="java.lang.NullPointerException">
            <full-stacktrace>
              <![CDATA[java.lang.NullPointerException
	at sanitySuite.TestCase_1_GoogleSearch.open_url(TestCase_1_GoogleSearch.java:24)
	at sun.reflect.NativeMethodAccessorImpl.invoke0(Native Method)
	at sun.reflect.NativeMethodAccessorImpl.invoke(NativeMethodAccessorImpl.java:62)
	at sun.reflect.DelegatingMethodAccessorImpl.invoke(DelegatingMethodAccessorImpl.java:43)
	at java.lang.reflect.Method.invoke(Method.java:483)
	at org.testng.internal.MethodInvocationHelper.invokeMethod(MethodInvocationHelper.java:85)
	at org.testng.internal.Invoker.invokeMethod(Invoker.java:696)
	at org.testng.internal.Invoker.invokeTestMethod(Invoker.java:882)
	at org.testng.internal.Invoker.invokeTestMethods(Invoker.java:1189)
	at org.testng.internal.TestMethodWorker.invokeTestMethods(TestMethodWorker.java:124)
	at org.testng.internal.TestMethodWorker.run(TestMethodWorker.java:108)
	at org.testng.TestRunner.privateRun(TestRunner.java:767)
	at org.testng.TestRunner.run(TestRunner.java:617)
	at org.testng.SuiteRunner.runTest(SuiteRunner.java:348)
	at org.testng.SuiteRunner.runSequentially(SuiteRunner.java:343)
	at org.testng.SuiteRunner.privateRun(SuiteRunner.java:305)
	at org.testng.SuiteRunner.run(SuiteRunner.java:254)
	at org.testng.SuiteRunnerWorker.runSuite(SuiteRunnerWorker.java:52)
	at org.testng.SuiteRunnerWorker.run(SuiteRunnerWorker.java:86)
	at org.testng.TestNG.runSuitesSequentially(TestNG.java:1224)
	at org.testng.TestNG.runSuitesLocally(TestNG.java:1149)
	at org.testng.TestNG.run(TestNG.java:1057)
	at org.apache.maven.surefire.testng.TestNGExecutor.run(TestNGExecutor.java:295)
	at org.apache.maven.surefire.testng.TestNGXmlTestSuite.execute(TestNGXmlTestSuite.java:84)
	at org.apache.maven.surefire.testng.TestNGProvider.invoke(TestNGProvider.java:90)
	at org.apache.maven.surefire.booter.ForkedBooter.invokeProviderInSameClassLoader(ForkedBooter.java:203)
	at org.apache.maven.surefire.booter.ForkedBooter.runSuitesInProcess(ForkedBooter.java:155)
	at org.apache.maven.surefire.booter.ForkedBooter.main(ForkedBooter.java:103)
]]>
            </full-stacktrace>
          </exception> <!-- java.lang.NullPointerException -->
          <reporter-output>
          </reporter-output>
        </test-method> <!-- open_url -->
        <test-method status="PASS" signature="click_first_search_option()[pri:0, instance:sanitySuite.TestCase_1_GoogleSearch@6a5fc7f7]" name="click_first_search_option" duration-ms="0" started-at="2015-09-08T19:01:44Z" description="Click on first search option" finished-at="2015-09-08T19:01:44Z">
          <reporter-output>
          </reporter-output>
        </test-method> <!-- click_first_search_option -->
        <test-method status="PASS" signature="afterClass()[pri:0, instance:sanitySuite.TestCase_1_GoogleSearch@6a5fc7f7]" name="afterClass" is-config="true" duration-ms="252" started-at="2015-09-08T19:01:44Z" finished-at="2015-09-08T19:01:44Z">
          <reporter-output>
          </reporter-output>
        </test-method> <!-- afterClass -->
      </class> <!-- sanitySuite.TestCase_1_GoogleSearch -->
    </test> <!-- Test Suite 1 -->
    <test name="Test Suite 2" duration-ms="1" started-at="2015-09-08T13:31:44Z" finished-at="2015-09-08T13:31:44Z">
    </test> <!-- Test Suite 2 -->
  </suite> <!-- Synerzip-TestAutomation-SanitySuite -->
</testng-results>
