<?xml version="1.0" encoding="UTF-8"?>
<testng-results skipped="0" failed="0" total="2" passed="2">
  <reporter-output>
  </reporter-output>
  <suite name="Default suite" duration-ms="28912" started-at="2015-11-07T11:57:28Z" finished-at="2015-11-07T11:57:57Z">
    <groups>
    </groups>
    <test name="Default test" duration-ms="28912" started-at="2015-11-07T11:57:28Z" finished-at="2015-11-07T11:57:57Z">
      <class name="sanitySuite.TestCase_1_GoogleSearch">
        <test-method status="PASS" signature="open_url()[pri:0, instance:sanitySuite.TestCase_1_GoogleSearch@52350abb]" name="open_url" duration-ms="28094" started-at="2015-11-07T17:27:28Z" description="Open Google Search URL" finished-at="2015-11-07T17:27:56Z">
          <reporter-output>
          </reporter-output>
        </test-method> <!-- open_url -->
        <test-method status="PASS" signature="click_first_search_option()[pri:0, instance:sanitySuite.TestCase_1_GoogleSearch@52350abb]" name="click_first_search_option" duration-ms="798" started-at="2015-11-07T17:27:56Z" description="Click on first search option" finished-at="2015-11-07T17:27:57Z">
          <reporter-output>
          </reporter-output>
        </test-method> <!-- click_first_search_option -->
        <test-method status="PASS" signature="tearDown()[pri:0, instance:sanitySuite.TestCase_1_GoogleSearch@52350abb]" name="tearDown" is-config="true" duration-ms="250" started-at="2015-11-07T17:27:57Z" finished-at="2015-11-07T17:27:57Z">
          <reporter-output>
          </reporter-output>
        </test-method> <!-- tearDown -->
      </class> <!-- sanitySuite.TestCase_1_GoogleSearch -->
    </test> <!-- Default test -->
  </suite> <!-- Default suite -->
</testng-results>
